C51 COMPILER V9.60.0.0   11_LCD_NORMAL                                                     05/03/2020 18:43:06 PAGE 1   


C51 COMPILER V9.60.0.0, COMPILATION OF MODULE 11_LCD_NORMAL
OBJECT MODULE PLACED IN .\Objects\11_LCD_Normal.obj
COMPILER INVOKED BY: C:\Keil_v5\C51\BIN\C51.EXE 11_LCD_Normal.c OPTIMIZE(8,SPEED) BROWSE DEBUG OBJECTEXTEND PRINT(.\List
                    -ings\11_LCD_Normal.lst) TABS(2) OBJECT(.\Objects\11_LCD_Normal.obj)

line level    source

   1          #include <reg51.h>
   2          #define ldata P2
   3          sbit rs = P3^0;
   4          sbit rw = P3^1;
   5          sbit en = P3^2;
   6          
   7          void lcdcmd(unsigned char value);
   8          void lcddata(unsigned char value);
   9          void MSDelay(unsigned int itime);
  10          void main()
  11            {
  12   1          while(1)      // Repeat forevermore 
  13   1          {
  14   2          lcdcmd(0x38); //8bit 2 line
  15   2          MSDelay(10);
  16   2          lcdcmd(0x0E); //Display cursor ON
  17   2          MSDelay(10);
  18   2          lcdcmd(0x01); // Clear Display
  19   2          MSDelay(10);
  20   2          lcdcmd(0x06); // Entry Mode
  21   2          MSDelay(10);
  22   2          lcdcmd(0x80); // LCD Line Address
  23   2          MSDelay(10);
  24   2          lcddata('L'); // Here you can change your name and display it virtually
  25   2          MSDelay(25);
  26   2          lcddata('C');
  27   2          MSDelay(25);
  28   2          lcddata('D');
  29   2          MSDelay(25);
  30   2          lcddata(' ');
  31   2          MSDelay(25);
  32   2          lcddata('D');
  33   2          MSDelay(25);
  34   2          lcddata('I');
  35   2          MSDelay(25);
  36   2          lcddata('S');
  37   2          MSDelay(25);
  38   2          lcddata('P');
  39   2          MSDelay(25);
  40   2          lcddata('L');
  41   2          MSDelay(25);
  42   2          lcddata('A');
  43   2          MSDelay(25);
  44   2          lcddata('Y');
  45   2          lcddata(' ');
  46   2          
  47   2          MSDelay(25);
  48   2          lcddata('!');
  49   2          MSDelay(25);
  50   2          lcddata('@');
  51   2          MSDelay(25);
  52   2          lcddata('$');
  53   2          MSDelay(25);
  54   2          lcddata('*');
C51 COMPILER V9.60.0.0   11_LCD_NORMAL                                                     05/03/2020 18:43:06 PAGE 2   

  55   2          MSDelay(25);
  56   2          lcddata(' ');
  57   2          lcdcmd(0xC5 ); //Second line address
  58   2          lcddata('_');
  59   2          lcddata('*');
  60   2          lcddata('*');
  61   2          lcddata('*');
  62   2          lcddata('*');
  63   2          lcddata('*');
  64   2          lcddata('*');
  65   2          lcddata('*');
  66   2          lcddata('*');
  67   2          lcddata('*');
  68   2          lcddata('_');
  69   2        }
  70   1          
  71   1        }
  72          void lcdcmd(unsigned char value)
  73            {
  74   1          ldata = value;
  75   1          rs =  0;
  76   1          rw = 0;
  77   1          en = 1;
  78   1          MSDelay(1);
  79   1          en = 0;
  80   1          return;
  81   1        }
  82          void lcddata(unsigned char value)
  83            {
  84   1          ldata = value;
  85   1          rs =  1;
  86   1          rw = 0;
  87   1          en = 1;
  88   1          MSDelay(1);
  89   1          en = 0;
  90   1          return;
  91   1        }
  92          void MSDelay(unsigned int itime)
  93            {
  94   1          unsigned  int i,j;
  95   1          for(i=0;i<itime;i++)
  96   1            for(j=0;j<1275;j++);
  97   1        }


MODULE INFORMATION:   STATIC OVERLAYABLE
   CODE SIZE        =    325    ----
   CONSTANT SIZE    =   ----    ----
   XDATA SIZE       =   ----    ----
   PDATA SIZE       =   ----    ----
   DATA SIZE        =   ----    ----
   IDATA SIZE       =   ----    ----
   BIT SIZE         =   ----    ----
END OF MODULE INFORMATION.


C51 COMPILATION COMPLETE.  0 WARNING(S),  0 ERROR(S)
